<?xml version="1.0" encoding="UTF-8"?>
<!-- Generated by org.testng.reporters.JUnitReportReporter -->
<testsuite hostname="LAPTOP-8415CROF" name="org.test.AdactTestng" tests="1" failures="0" timestamp="27 Jun 2022 07:08:24 GMT" time="23.694" errors="0">
  <testcase name="login" time="23.694" classname="org.test.AdactTestng"/>
</testsuite> <!-- org.test.AdactTestng -->
